<?xml version="1.0" encoding="UTF-8"?>
<beans xmlns="http://www.springframework.org/schema/beans"
	xmlns:xsi="http://www.w3.org/2001/XMLSchema-instance" xmlns:aop="http://www.springframework.org/schema/aop"
	xmlns:context="http://www.springframework.org/schema/context"
	xmlns:osgi="http://www.eclipse.org/gemini/blueprint/schema/blueprint"
	xmlns:osgix="http://www.eclipse.org/gemini/blueprint/schema/blueprint-compendium"
	xmlns:tx="http://www.springframework.org/schema/tx"
	xsi:schemaLocation="http://www.springframework.org/schema/beans http://www.springframework.org/schema/beans/spring-beans-3.0.xsd
		http://www.springframework.org/schema/aop http://www.springframework.org/schema/aop/spring-aop-3.0.xsd
		http://www.springframework.org/schema/context http://www.springframework.org/schema/context/spring-context-3.0.xsd
		http://www.springframework.org/schema/tx http://www.springframework.org/schema/tx/spring-tx-3.0.xsd 
		http://www.eclipse.org/gemini/blueprint/schema/blueprint http://www.eclipse.org/gemini/blueprint/schema/blueprint/gemini-blueprint.xsd
		http://www.eclipse.org/gemini/blueprint/schema/blueprint-compendium http://www.eclipse.org/gemini/blueprint/schema/blueprint-compendium/gemini-blueprint-compendium.xsd">

	<context:component-scan base-package="org.mxhero.engine.plugin.threadlight" />

	<context:annotation-config />

	<tx:annotation-driven transaction-manager="txManager" />

	<bean id="addThreadWatchCommand" class="org.mxhero.engine.plugin.threadlight.internal.command.AddThreadWatchImpl">
		<property name="threadRowService" ref="threadRowService"/>
	</bean>

	<bean id="threadLightFilter" class="org.mxhero.engine.plugin.threadlight.internal.connector.ThreadLightFilter">
		<property name="threadRowService" ref="threadRowService"/>
	</bean>

	<bean id="threadRowService" class="org.mxhero.engine.plugin.threadlight.internal.service.DefaultThreadRowService">
		<property name="repository" ref="cachedRepository"/>
	</bean>

	<bean id="cachedRepository" class="org.mxhero.engine.plugin.threadlight.internal.repository.cached.CachedJdbcThreadRowRepository"
		init-method="start" destroy-method="stop">
		<property name="repository" ref="jdbcRepository"/>
		<property name="finder" ref="jdbcFinder"/>
		<property name="syncTimeInMinutes" value="60"/>
		<property name="updateTime" value="5000"/>
		<property name="sinceInDays" value="30"/>
	</bean>

	<bean id="txManager"
		class="org.springframework.jdbc.datasource.DataSourceTransactionManager">
		<property name="dataSource" ref="dataSource" />
	</bean>

	<!-- BoneCP configuration -->
	<bean id="dataSource" class="com.jolbox.bonecp.BoneCPDataSource" destroy-method="close">
	   <property name="poolName" value="org.mxhero.engine.plugin.threadlight.boneCP"/>
	   <property name="driverClass" value="com.mysql.jdbc.Driver" />
	   <property name="jdbcUrl" value="jdbc:mysql://127.0.0.1/threadlight" />
	   <property name="username" value="mxhero"/>
	   <property name="password" value="mxhero"/>
	   <property name="idleConnectionTestPeriodInMinutes" value="1"/>
	   <property name="idleMaxAgeInMinutes" value="4"/>
	   <property name="maxConnectionsPerPartition" value="10"/>
	   <property name="minConnectionsPerPartition" value="5"/>
	   <property name="partitionCount" value="2"/>
	   <property name="acquireIncrement" value="2"/>
	   <property name="releaseHelperThreads" value="2"/>
	</bean>

</beans>
