<?xml version="1.0" encoding="UTF-8"?>
<beans xmlns="http://www.springframework.org/schema/beans"
	xmlns:xsi="http://www.w3.org/2001/XMLSchema-instance" 
	xmlns:aop="http://www.springframework.org/schema/aop"
	xmlns:context="http://www.springframework.org/schema/context" 
	xmlns:tx="http://www.springframework.org/schema/tx"
	xsi:schemaLocation="http://www.springframework.org/schema/beans http://www.springframework.org/schema/beans/spring-beans-3.0.xsd
		http://www.springframework.org/schema/aop http://www.springframework.org/schema/aop/spring-aop-3.0.xsd
		http://www.springframework.org/schema/context http://www.springframework.org/schema/context/spring-context-3.0.xsd
		http://www.springframework.org/schema/tx http://www.springframework.org/schema/tx/spring-tx-3.0.xsd">


	<context:component-scan base-package="org.mxhero.engine.plugin.adsync" />
	<context:annotation-config />
	<tx:annotation-driven />


	<bean id="domainsSynchronizer" class="org.mxhero.engine.plugin.adsync.service.jdbc.JdbcDomainsSynchronizer">

	</bean>

	<bean id="transactionManager" class="org.springframework.jdbc.datasource.DataSourceTransactionManager">
	  <property name="dataSource" ref="dataSource"/>
	</bean>

	<bean id="dataSource" class="com.jolbox.bonecp.BoneCPDataSource"
		destroy-method="close">
		<property name="poolName" value="mxhero-adsync" />
		<property name="driverClass" value="com.mysql.jdbc.Driver" />
		<property name="jdbcUrl" value="jdbc:mysql://127.0.0.1/mxhero" />
		<property name="username" value="mxhero" />
		<property name="password" value="mxhero" />
		<property name="idleConnectionTestPeriod" value="1" />
		<property name="idleMaxAge" value="5" />
		<property name="maxConnectionsPerPartition" value="10" />
		<property name="minConnectionsPerPartition" value="2" />
		<property name="partitionCount" value="1" />
		<property name="acquireIncrement" value="2" />
		<property name="releaseHelperThreads" value="1" />
	</bean>


</beans>