<?xml version="1.0" encoding="UTF-8"?>
<beans xmlns="http://www.springframework.org/schema/beans"
	xmlns:xsi="http://www.w3.org/2001/XMLSchema-instance" 
	xmlns:aop="http://www.springframework.org/schema/aop"
	xmlns:context="http://www.springframework.org/schema/context" 
	xmlns:tx="http://www.springframework.org/schema/tx"
	xmlns:jdbc="http://www.springframework.org/schema/jdbc/spring-jdbc-3.0.xsd"
	xsi:schemaLocation="http://www.springframework.org/schema/beans http://www.springframework.org/schema/beans/spring-beans-3.0.xsd
		http://www.springframework.org/schema/aop http://www.springframework.org/schema/aop/spring-aop-3.0.xsd
		http://www.springframework.org/schema/context http://www.springframework.org/schema/context/spring-context-3.0.xsd
		http://www.springframework.org/schema/tx http://www.springframework.org/schema/tx/spring-tx-3.0.xsd 
		http://www.springframework.org/schema/jdbc http://www.springframework.org/schema/jdbc/spring-jdbc-3.0.xsd">

	<context:component-scan base-package="org.mxhero.engine.mqueues" />

	<context:annotation-config />

	<tx:annotation-driven />
	
	<bean id="h2MimeMailQueueService" class="org.mxhero.engine.mqueues.internal.queue.service.H2MimeMailQueueService" init-method="start" destroy-method="stop">
		<property name="capacity" value="5000"/>
	</bean>

	<bean
		class="org.springframework.dao.annotation.PersistenceExceptionTranslationPostProcessor" />

	<bean id="transactionManager" class="org.springframework.orm.jpa.JpaTransactionManager">
		<property name="entityManagerFactory" ref="emfb" />
	</bean>

	<bean id="pum"
		class="org.springframework.orm.jpa.persistenceunit.DefaultPersistenceUnitManager">
		<property name="persistenceXmlLocations">
			<list>
				<value>classpath*:META-INF/persistence.xml</value>
			</list>
		</property>
		<property name="defaultDataSource" ref="mainDataSource" />
	</bean>

	<bean id="emfb"
		class="org.springframework.orm.jpa.LocalContainerEntityManagerFactoryBean">
		<property name="persistenceUnitManager" ref="pum" />
		<property name="persistenceUnitName" value="mqueuesPer" />
		<property name="jpaProperties">
			<props>
				<prop key="hibernate.dialect">org.hibernate.dialect.H2Dialect</prop>
				<prop key="hibernate.generate_statistics">false</prop>				
				<prop key="hibernate.format_sql">false</prop>
				<prop key="hibernate.hbm2ddl.auto">drop</prop>
			</props>
		</property>
		<property name="jpaDialect">
			<bean class="org.springframework.orm.jpa.vendor.HibernateJpaDialect" />
		</property>
		<property name="jpaVendorAdapter">
			<bean class="org.springframework.orm.jpa.vendor.HibernateJpaVendorAdapter">
				<property name="database" value="H2"/>
				<property name="databasePlatform" value="org.hibernate.dialect.H2Dialect" />
				<property name="showSql" value="false" />
			</bean>
		</property>
	</bean>


	<bean id="mainDataSource" class="org.h2.jdbcx.JdbcConnectionPool"
		destroy-method="dispose"
		factory-method="create">
		<constructor-arg value="jdbc:h2:file:c:/temp/testDB;CACHE_SIZE=32768;DB_CLOSE_DELAY=10;DB_CLOSE_ON_EXIT=FALSE" />
		<constructor-arg value="mxhero" />
		<constructor-arg value="mxhero" />
		<property name="loginTimeout" value="10" />
		<property name="maxConnections" value="80" />
	</bean>

</beans>