<?xml version="1.0" encoding="UTF-8"?>
<beans xmlns="http://www.springframework.org/schema/beans"
	xmlns:xsi="http://www.w3.org/2001/XMLSchema-instance" 
	xmlns:aop="http://www.springframework.org/schema/aop"
	xmlns:context="http://www.springframework.org/schema/context" 
	xmlns:tx="http://www.springframework.org/schema/tx"
	xsi:schemaLocation="http://www.springframework.org/schema/beans http://www.springframework.org/schema/beans/spring-beans-3.0.xsd
		http://www.springframework.org/schema/aop http://www.springframework.org/schema/aop/spring-aop-3.0.xsd
		http://www.springframework.org/schema/context http://www.springframework.org/schema/context/spring-context-3.0.xsd
		http://www.springframework.org/schema/tx http://www.springframework.org/schema/tx/spring-tx-3.0.xsd">


	<context:component-scan base-package="org.mxhero.engine.plugin.adsync" />

	<context:annotation-config />

	<tx:annotation-driven />

	<bean id="domainsSynchronizer" class="org.mxhero.engine.plugin.adsync.service.jpa.JpaDomainsSynchronizer">
		<property name="dao" ref="domainAdLdapDao"/>
		<property name="emailAccountDao" ref="emailAccountDao"/>
		<property name="domainAliasDao" ref="domainAliasDao"/>
		<property name="ruleDao" ref="ruleDao"/>
		<property name="outputService" value=""/>
	</bean>

	<bean id="emailAccountDao" class="org.synyx.hades.dao.orm.GenericDaoFactoryBean">
		<property name="daoInterface" value="org.mxhero.engine.plugin.adsync.dao.EmailAccountDao"/>
	</bean>

	<bean id="domainAliasDao" class="org.synyx.hades.dao.orm.GenericDaoFactoryBean">
		<property name="daoInterface" value="org.mxhero.engine.plugin.adsync.dao.DomainAliasDao"/>
	</bean>

	<bean id="domainAdLdapDao" class="org.synyx.hades.dao.orm.GenericDaoFactoryBean">
		<property name="daoInterface" value="org.mxhero.engine.plugin.adsync.dao.DomainAdLdapDao"/>
	</bean>

	<bean id="ruleDao" class="org.synyx.hades.dao.orm.GenericDaoFactoryBean">
		<property name="daoInterface" value="org.mxhero.engine.plugin.adsync.dao.FeatureRuleDao"/>
	</bean>
	
	<bean
		class="org.springframework.dao.annotation.PersistenceExceptionTranslationPostProcessor" />

	<bean id="transactionManager" class="org.springframework.orm.jpa.JpaTransactionManager">
		<property name="entityManagerFactory" ref="emfb" />
	</bean>

	<bean id="pum"
		class="org.springframework.orm.jpa.persistenceunit.DefaultPersistenceUnitManager">
		<property name="persistenceXmlLocations">
			<list>
				<value>classpath*:META-INF/persistence.xml</value>
			</list>
		</property>
		<property name="defaultDataSource" ref="dataSource" />
	</bean>

	<bean id="emfb"
		class="org.springframework.orm.jpa.LocalContainerEntityManagerFactoryBean">
		<property name="persistenceUnitManager" ref="pum" />
		<property name="persistenceUnitName" value="mxheroPer" />
		<property name="jpaProperties">
			<props>
				<prop key="hibernate.dialect">org.hibernate.dialect.MySQLDialect</prop>
				<prop key="hibernate.generate_statistics">${initial.hibernate.generate_statistics}</prop>				
				<prop key="hibernate.format_sql">${initial.hibernate.format_sql}</prop>
			</props>
		</property>
		<property name="jpaDialect">
			<bean class="org.springframework.orm.jpa.vendor.HibernateJpaDialect" />
		</property>
		<property name="jpaVendorAdapter">
			<bean class="org.springframework.orm.jpa.vendor.HibernateJpaVendorAdapter">
				<property name="database" value="MYSQL" />
				<property name="showSql" value="true" />
			</bean>
		</property>
	</bean>

	<bean id="dataSource" class="org.springframework.jdbc.datasource.DriverManagerDataSource">
		<property name="driverClassName" value="com.mysql.jdbc.Driver"/>
		<property name="url" value="jdbc:mysql://127.0.0.1/mxhero"/>
		<property name="username" value="mxhero"/>
		<property name="password" value="mxhero"/>
	</bean>

</beans>