<?xml version="1.0" encoding="UTF-8"?>
<beans xmlns="http://www.springframework.org/schema/beans"
	xmlns:xsi="http://www.w3.org/2001/XMLSchema-instance" xmlns:aop="http://www.springframework.org/schema/aop"
	xmlns:context="http://www.springframework.org/schema/context" xmlns:tx="http://www.springframework.org/schema/tx"
	xmlns:osgi="http://www.springframework.org/schema/osgi"
	xmlns:osgix="http://www.springframework.org/schema/osgi-compendium"
	xsi:schemaLocation="http://www.springframework.org/schema/beans http://www.springframework.org/schema/beans/spring-beans-3.0.xsd
		http://www.springframework.org/schema/aop http://www.springframework.org/schema/aop/spring-aop-3.0.xsd
		http://www.springframework.org/schema/context http://www.springframework.org/schema/context/spring-context-3.0.xsd
		http://www.springframework.org/schema/tx http://www.springframework.org/schema/tx/spring-tx-3.0.xsd 
		http://www.springframework.org/schema/osgi http://www.springframework.org/schema/osgi/spring-osgi.xsd
		http://www.springframework.org/schema/osgi-compendium http://www.springframework.org/schema/osgi-compendium/spring-osgi-compendium.xsd">

	<context:component-scan base-package="org.mxhero.engine.plugin.dbfinder" />

	<context:annotation-config />

	<tx:annotation-driven />

	<bean id="userFinderService" class="org.mxhero.engine.plugin.dbfinder.internal.service.JpaUserFinder">
		<property name="dao" ref="emailAccountDao"/>
	</bean>

	<bean id="emailAccountDao" class="org.synyx.hades.dao.orm.GenericDaoFactoryBean">
		<property name="daoInterface" value="org.mxhero.engine.plugin.dbfinder.internal.dao.EmailAccountDao"/>
	</bean>

	<bean
		class="org.springframework.dao.annotation.PersistenceExceptionTranslationPostProcessor" />

	<bean id="transactionManager" class="org.springframework.orm.jpa.JpaTransactionManager">
		<property name="entityManagerFactory" ref="emfb" />
	</bean>

	<bean id="pum"
		class="org.springframework.orm.jpa.persistenceunit.DefaultPersistenceUnitManager">
		<property name="persistenceXmlLocations">
			<list>
				<value>classpath*:META-INF/persistence.xml</value>
			</list>
		</property>
		<property name="defaultDataSource" ref="dataSource" />
	</bean>

	<bean id="emfb"
		class="org.springframework.orm.jpa.LocalContainerEntityManagerFactoryBean">
		<property name="persistenceUnitManager" ref="pum" />
		<property name="persistenceUnitName" value="mxheroPer" />
		<property name="jpaProperties">
			<props>
				<prop key="hibernate.dialect">org.hibernate.dialect.MySQLDialect</prop>
				<prop key="hibernate.generate_statistics">true</prop>
				<prop key="hibernate.cache.use_second_level_cache">true</prop>
				<prop key="hibernate.cache.use_query_cache">true</prop>
				<prop key="hibernate.cache.provider_class">net.sf.ehcache.hibernate.SingletonEhCacheProvider</prop>
				<prop key="hibernate.format_sql">true</prop>
			</props>
		</property>
		<property name="jpaDialect">
			<bean class="org.springframework.orm.jpa.vendor.HibernateJpaDialect" />
		</property>
		<property name="jpaVendorAdapter">
			<bean class="org.springframework.orm.jpa.vendor.HibernateJpaVendorAdapter">
				<property name="database" value="MYSQL" />
				<property name="showSql" value="true" />
			</bean>
		</property>
	</bean>

	<bean id="dataSource"
		class="org.springframework.jdbc.datasource.LazyConnectionDataSourceProxy">
		<property name="targetDataSource">
			<ref local="mainDataSource" />
		</property>
	</bean>

	<bean id="mainDataSource" class="com.jolbox.bonecp.BoneCPDataSource"
		destroy-method="close">
		<property name="driverClass" value="com.mysql.jdbc.Driver" />
		<property name="jdbcUrl" value="jdbc:mysql://127.0.0.1/mxhero" />
		<property name="username" value="mxhero" />
		<property name="password" value="mxhero" />
		<property name="idleConnectionTestPeriod" value="60" />
		<property name="idleMaxAge" value="240" />
		<property name="maxConnectionsPerPartition" value="30" />
		<property name="minConnectionsPerPartition" value="10" />
		<property name="partitionCount" value="3" />
		<property name="acquireIncrement" value="3" />
		<property name="statementsCacheSize" value="100" />
		<property name="releaseHelperThreads" value="3" />
	</bean>

</beans>